  VUPmunugheer.cpp
C:\Users\vasen\source\repos\VUPmunugheer\VUPmunugheer\VUPmunugheer.cpp(38,5): warning C4267: =: преобразование из "size_t" в "int"; возможна потеря данных
C:\Users\vasen\source\repos\VUPmunugheer\VUPmunugheer\VUPmunugheer.cpp(125,36): warning C4018: <: несоответствие типов со знаком и без знака
C:\Users\vasen\source\repos\VUPmunugheer\VUPmunugheer\VUPmunugheer.cpp(164,36): warning C4244: +=: преобразование "double" в "unsigned __int64", возможна потеря данных
C:\Users\vasen\source\repos\VUPmunugheer\VUPmunugheer\VUPmunugheer.cpp(144,24): warning C4101: byte8: неиспользованная локальная переменная
C:\Users\vasen\source\repos\VUPmunugheer\VUPmunugheer\VUPmunugheer.cpp(143,20): warning C4101: byte2: неиспользованная локальная переменная
C:\Users\vasen\source\repos\VUPmunugheer\VUPmunugheer\VUPmunugheer.cpp(145,18): warning C4101: byte4: неиспользованная локальная переменная
C:\Users\vasen\source\repos\VUPmunugheer\VUPmunugheer\VUPmunugheer.cpp(183,24): warning C4101: byte8: неиспользованная локальная переменная
C:\Users\vasen\source\repos\VUPmunugheer\VUPmunugheer\VUPmunugheer.cpp(182,20): warning C4101: byte2: неиспользованная локальная переменная
C:\Users\vasen\source\repos\VUPmunugheer\VUPmunugheer\VUPmunugheer.cpp(185,19): warning C4101: byte1: неиспользованная локальная переменная
C:\Users\vasen\source\repos\VUPmunugheer\VUPmunugheer\VUPmunugheer.cpp(184,18): warning C4101: byte4: неиспользованная локальная переменная
C:\Users\vasen\source\repos\VUPmunugheer\VUPmunugheer\VUPmunugheer.cpp(218,46): warning C4838: Преобразование из "int" в "char" требует сужающего преобразования.
C:\Users\vasen\source\repos\VUPmunugheer\VUPmunugheer\VUPmunugheer.cpp(218,72): warning C4838: Преобразование из "int" в "char" требует сужающего преобразования.
C:\Users\vasen\source\repos\VUPmunugheer\VUPmunugheer\VUPmunugheer.cpp(218,72): warning C4309: инициализация: усечение константного значения
C:\Users\vasen\source\repos\VUPmunugheer\VUPmunugheer\VUPmunugheer.cpp(218,92): warning C4838: Преобразование из "int" в "char" требует сужающего преобразования.
C:\Users\vasen\source\repos\VUPmunugheer\VUPmunugheer\VUPmunugheer.cpp(218,92): warning C4309: инициализация: усечение константного значения
C:\Users\vasen\source\repos\VUPmunugheer\VUPmunugheer\VUPmunugheer.cpp(218,96): warning C4838: Преобразование из "int" в "char" требует сужающего преобразования.
C:\Users\vasen\source\repos\VUPmunugheer\VUPmunugheer\VUPmunugheer.cpp(218,96): warning C4309: инициализация: усечение константного значения
C:\Users\vasen\source\repos\VUPmunugheer\VUPmunugheer\VUPmunugheer.cpp(218,100): warning C4838: Преобразование из "int" в "char" требует сужающего преобразования.
C:\Users\vasen\source\repos\VUPmunugheer\VUPmunugheer\VUPmunugheer.cpp(218,100): warning C4309: инициализация: усечение константного значения
C:\Users\vasen\source\repos\VUPmunugheer\VUPmunugheer\VUPmunugheer.cpp(218,104): warning C4838: Преобразование из "int" в "char" требует сужающего преобразования.
C:\Users\vasen\source\repos\VUPmunugheer\VUPmunugheer\VUPmunugheer.cpp(218,104): warning C4309: инициализация: усечение константного значения
C:\Users\vasen\source\repos\VUPmunugheer\VUPmunugheer\VUPmunugheer.cpp(327,24): warning C4244: =: преобразование "unsigned __int64" в "unsigned short", возможна потеря данных
C:\Users\vasen\source\repos\VUPmunugheer\VUPmunugheer\VUPmunugheer.cpp(371,5): warning C4267: =: преобразование из "size_t" в "int"; возможна потеря данных
C:\Users\vasen\source\repos\VUPmunugheer\VUPmunugheer\VUPmunugheer.cpp(415,48): warning C4244: +=: преобразование "unsigned __int64" в "unsigned int", возможна потеря данных
C:\Users\vasen\source\repos\VUPmunugheer\VUPmunugheer\VUPmunugheer.cpp(422,63): warning C4018: <: несоответствие типов со знаком и без знака
C:\Users\vasen\source\repos\VUPmunugheer\VUPmunugheer\VUPmunugheer.cpp(424,30): warning C4244: =: преобразование "unsigned short" в "unsigned char", возможна потеря данных
C:\Users\vasen\source\repos\VUPmunugheer\VUPmunugheer\VUPmunugheer.cpp(426,48): warning C4244: =: преобразование "unsigned __int64" в "unsigned char", возможна потеря данных
C:\Users\vasen\source\repos\VUPmunugheer\VUPmunugheer\VUPmunugheer.cpp(427,51): warning C4244: =: преобразование "unsigned __int64" в "unsigned char", возможна потеря данных
C:\Users\vasen\source\repos\VUPmunugheer\VUPmunugheer\VUPmunugheer.cpp(428,40): warning C4244: =: преобразование "unsigned __int64" в "unsigned char", возможна потеря данных
C:\Users\vasen\source\repos\VUPmunugheer\VUPmunugheer\VUPmunugheer.cpp(469,101): warning C4244: аргумент: преобразование "unsigned __int64" в "unsigned int", возможна потеря данных
C:\Users\vasen\source\repos\VUPmunugheer\VUPmunugheer\VUPmunugheer.cpp(469,83): warning C4244: аргумент: преобразование "unsigned __int64" в "unsigned int", возможна потеря данных
C:\Users\vasen\source\repos\VUPmunugheer\VUPmunugheer\VUPmunugheer.cpp(470,32): warning C4244: return: преобразование "__int64" в "unsigned int", возможна потеря данных
C:\Users\vasen\source\repos\VUPmunugheer\VUPmunugheer\VUPmunugheer.cpp(486,36): warning C4244: =: преобразование "unsigned __int64" в "unsigned int", возможна потеря данных
C:\Users\vasen\source\repos\VUPmunugheer\VUPmunugheer\VUPmunugheer.cpp(493,36): warning C4244: =: преобразование "unsigned __int64" в "unsigned short", возможна потеря данных
C:\Users\vasen\source\repos\VUPmunugheer\VUPmunugheer\VUPmunugheer.cpp(500,36): warning C4244: =: преобразование "unsigned __int64" в "unsigned char", возможна потеря данных
C:\Users\vasen\source\repos\VUPmunugheer\VUPmunugheer\VUPmunugheer.cpp(505,65): warning C4244: =: преобразование "unsigned __int64" в "short", возможна потеря данных
C:\Users\vasen\source\repos\VUPmunugheer\VUPmunugheer\VUPmunugheer.cpp(544,105): warning C4244: аргумент: преобразование "unsigned __int64" в "unsigned int", возможна потеря данных
C:\Users\vasen\source\repos\VUPmunugheer\VUPmunugheer\VUPmunugheer.cpp(544,87): warning C4244: аргумент: преобразование "unsigned __int64" в "unsigned int", возможна потеря данных
C:\Users\vasen\source\repos\VUPmunugheer\VUPmunugheer\VUPmunugheer.cpp(545,36): warning C4244: return: преобразование "__int64" в "unsigned int", возможна потеря данных
C:\Users\vasen\source\repos\VUPmunugheer\VUPmunugheer\VUPmunugheer.cpp(549,105): warning C4244: аргумент: преобразование "unsigned __int64" в "unsigned int", возможна потеря данных
C:\Users\vasen\source\repos\VUPmunugheer\VUPmunugheer\VUPmunugheer.cpp(549,87): warning C4244: аргумент: преобразование "unsigned __int64" в "unsigned int", возможна потеря данных
C:\Users\vasen\source\repos\VUPmunugheer\VUPmunugheer\VUPmunugheer.cpp(550,36): warning C4244: return: преобразование "__int64" в "unsigned int", возможна потеря данных
C:\Users\vasen\source\repos\VUPmunugheer\VUPmunugheer\VUPmunugheer.cpp(558,16): warning C4244: return: преобразование "unsigned __int64" в "unsigned int", возможна потеря данных
C:\Users\vasen\source\repos\VUPmunugheer\VUPmunugheer\VUPmunugheer.cpp(370,11): warning C4101: i2: неиспользованная локальная переменная
C:\Users\vasen\source\repos\VUPmunugheer\VUPmunugheer\VUPmunugheer.cpp(586,35): warning C4244: +=: преобразование "double" в "unsigned __int64", возможна потеря данных
C:\Users\vasen\source\repos\VUPmunugheer\VUPmunugheer\VUPmunugheer.cpp(604,36): warning C4244: =: преобразование "unsigned __int64" в "unsigned int", возможна потеря данных
C:\Users\vasen\source\repos\VUPmunugheer\VUPmunugheer\VUPmunugheer.cpp(610,36): warning C4244: =: преобразование "unsigned __int64" в "unsigned short", возможна потеря данных
C:\Users\vasen\source\repos\VUPmunugheer\VUPmunugheer\VUPmunugheer.cpp(616,36): warning C4244: =: преобразование "unsigned __int64" в "unsigned char", возможна потеря данных
C:\Users\vasen\source\repos\VUPmunugheer\VUPmunugheer\VUPmunugheer.cpp(643,24): warning C4101: byte8: неиспользованная локальная переменная
C:\Users\vasen\source\repos\VUPmunugheer\VUPmunugheer\VUPmunugheer.cpp(642,20): warning C4101: byte2: неиспользованная локальная переменная
C:\Users\vasen\source\repos\VUPmunugheer\VUPmunugheer\VUPmunugheer.cpp(645,19): warning C4101: byte1: неиспользованная локальная переменная
C:\Users\vasen\source\repos\VUPmunugheer\VUPmunugheer\VUPmunugheer.cpp(644,27): warning C4101: i: неиспользованная локальная переменная
C:\Users\vasen\source\repos\VUPmunugheer\VUPmunugheer\VUPmunugheer.cpp(812,27): warning C4101: choised: неиспользованная локальная переменная
  Создание кода
  1 of 390 functions ( 0.3%) were compiled, the rest were copied from previous compilation.
    0 functions were new in current compilation
    1 functions had inline decision re-evaluated but remain unchanged
  Создание кода завершено
  VUPmunugheer.vcxproj -> C:\Users\vasen\source\repos\VUPmunugheer\x64\Release\VUPmunugheer.exe
